  Building Custom Rule D:/Dev/repos/graphics-programming-2022/exercises/exercise_3/exercise_3/CMakeLists.txt
  glmutils.cpp
  main.cpp
D:\Dev\repos\graphics-programming-2022\exercises\exercise_3\exercise_3\shader_s.h(60,40): warning C4101: 'e': unreferenced local variable
D:\Dev\repos\graphics-programming-2022\exercises\exercise_3\exercise_3\plane_model.h(35,93): warning C4305: 'initializing': truncation from 'double' to '_Ty'
          with
          [
              _Ty=float
          ]
D:\Dev\repos\graphics-programming-2022\exercises\exercise_3\exercise_3\plane_model.h(56,42): warning C4305: 'initializing': truncation from 'double' to '_Ty'
          with
          [
              _Ty=float
          ]
D:\Dev\repos\graphics-programming-2022\exercises\exercise_3\exercise_3\plane_model.h(75,70): warning C4305: 'initializing': truncation from 'double' to '_Ty'
          with
          [
              _Ty=float
          ]
D:\Dev\repos\graphics-programming-2022\exercises\exercise_3\exercise_3\plane_model.h(86,62): warning C4305: 'initializing': truncation from 'double' to '_Ty'
          with
          [
              _Ty=float
          ]
D:\Dev\repos\graphics-programming-2022\exercises\exercise_3\exercise_3\plane_model.h(126,66): warning C4305: 'initializing': truncation from 'double' to '_Ty'
          with
          [
              _Ty=float
          ]
D:\Dev\repos\graphics-programming-2022\exercises\exercise_3\exercise_3\plane_model.h(163,47): warning C4305: 'initializing': truncation from 'double' to '_Ty'
          with
          [
              _Ty=float
          ]
D:\Dev\repos\graphics-programming-2022\exercises\exercise_3\exercise_3\main.cpp(220,61): warning C4267: '=': conversion from 'size_t' to 'unsigned int', possible loss of data
D:\Dev\repos\graphics-programming-2022\exercises\exercise_3\exercise_3\main.cpp(226,61): warning C4267: '=': conversion from 'size_t' to 'unsigned int', possible loss of data
D:\Dev\repos\graphics-programming-2022\exercises\exercise_3\exercise_3\main.cpp(232,71): warning C4267: '=': conversion from 'size_t' to 'unsigned int', possible loss of data
  Generating Code...
  exercise_3.vcxproj -> D:\Dev\repos\graphics-programming-2022\project\exercises\exercise_3\exercise_3\Debug\exercise_3.exe
  Copying shaders
